Start testing: Jul 09 09:59 UTC
----------------------------------------------------------
1/2 Testing: LOG_TEST
1/2 Test: LOG_TEST
Command: "/home/xiaorenbo/share/HPGS/build/tests/log_test/test_log"
Directory: /home/xiaorenbo/share/HPGS/build/tests/log_test
"LOG_TEST" start time: Jul 09 09:59 UTC
Output:
----------------------------------------------------------
[==========] Running 1 test from 1 test suite.
[----------] Global test environment set-up.
[----------] 1 test from LOG_TEST
[ RUN      ] LOG_TEST.INFO_1
/home/xiaorenbo/share/HPGS/tests/log_test/test_log.cc:39: Failure
Expected equality of these values:
  content
    Which is: "2024-07-09 09:59:21\tINFO\ttest stream\n"
  "abc"
[  FAILED  ] LOG_TEST.INFO_1 (0 ms)
[----------] 1 test from LOG_TEST (0 ms total)

[----------] Global test environment tear-down
[==========] 1 test from 1 test suite ran. (0 ms total)
[  PASSED  ] 0 tests.
[  FAILED  ] 1 test, listed below:
[  FAILED  ] LOG_TEST.INFO_1

 1 FAILED TEST
<end of output>
Test time =   0.00 sec
----------------------------------------------------------
Test Failed.
"LOG_TEST" end time: Jul 09 09:59 UTC
"LOG_TEST" time elapsed: 00:00:00
----------------------------------------------------------

2/2 Testing: CONFIG_TEST
2/2 Test: CONFIG_TEST
Command: "/home/xiaorenbo/share/HPGS/build/tests/config_test/test_config"
Directory: /home/xiaorenbo/share/HPGS/build/tests/config_test
"CONFIG_TEST" start time: Jul 09 09:59 UTC
Output:
----------------------------------------------------------
[==========] Running 1 test from 1 test suite.
[----------] Global test environment set-up.
[----------] 1 test from CONFIG_TEST
[ RUN      ] CONFIG_TEST.env_config
[(2024-07-09 09:59:21)]	0	thread1	1	[INFO]	[root]	/home/xiaorenbo/share/HPGS/tests/config_test/test_config.cc:18	0
[(2024-07-09 09:59:21)]	0	thread1	1	[INFO]	[root]	/home/xiaorenbo/share/HPGS/tests/config_test/test_config.cc:19	1
[(2024-07-09 09:59:21)]	0	thread1	1	[INFO]	[root]	/home/xiaorenbo/share/HPGS/tests/config_test/test_config.cc:20	logs:
  - name: root
    level: info
    appenders:
      - type: FileLogAppender
        file: /home/xiaorenbo/share/HPGS/build/rootlog
      - type: StdoutLogAppender
  - name: system
    level: info
    appenders:
      - type: FileLogAppender
        file: /home/xiaorenbo/share/HPGS/build/systemlog
      - type: StdoutLogAppender
[       OK ] CONFIG_TEST.env_config (2 ms)
[----------] 1 test from CONFIG_TEST (2 ms total)

[----------] Global test environment tear-down
[==========] 1 test from 1 test suite ran. (3 ms total)
[  PASSED  ] 1 test.
<end of output>
Test time =   0.01 sec
----------------------------------------------------------
Test Passed.
"CONFIG_TEST" end time: Jul 09 09:59 UTC
"CONFIG_TEST" time elapsed: 00:00:00
----------------------------------------------------------

End testing: Jul 09 09:59 UTC
